# JRE version: Java(TM) SE Runtime Environment (8.0_77-b03) (build 1.8.0_77-b03)
# Java VM: Java HotSpot(TM) 64-Bit Server VM (25.77-b03 mixed mode windows-amd64 compressed oops)
Heap:
 PSYoungGen      total 160256K, used 100159K [0x00000000eab00000, 0x00000000f5f00000, 0x0000000100000000)
  eden space 143360K, 69% used [0x00000000eab00000,0x00000000f0ccfe48,0x00000000f3700000)
  from space 16896K, 0% used [0x00000000f4c80000,0x00000000f4c80000,0x00000000f5d00000)
  to   space 20480K, 0% used [0x00000000f3700000,0x00000000f3700000,0x00000000f4b00000)
 ParOldGen       total 57344K, used 33180K [0x00000000c0000000, 0x00000000c3800000, 0x00000000eab00000)
  object space 57344K, 57% used [0x00000000c0000000,0x00000000c20673f0,0x00000000c3800000)
 Metaspace       used 58127K, capacity 60140K, committed 61952K, reserved 1103872K
  class space    used 7631K, capacity 7964K, committed 8448K, reserved 1048576K
GC Heap History (10 events):
Event: 8120.208 GC heap before
{Heap before GC invocations=31 (full 6):
 PSYoungGen      total 172032K, used 2272K [0x00000000eab00000, 0x00000000f6380000, 0x0000000100000000)
  eden space 155136K, 0% used [0x00000000eab00000,0x00000000eab00000,0x00000000f4280000)
  from space 16896K, 13% used [0x00000000f4280000,0x00000000f44b8020,0x00000000f5300000)
  to   space 16896K, 0% used [0x00000000f5300000,0x00000000f5300000,0x00000000f6380000)
 ParOldGen       total 57344K, used 35822K [0x00000000c0000000, 0x00000000c3800000, 0x00000000eab00000)
  object space 57344K, 62% used [0x00000000c0000000,0x00000000c22fb9b8,0x00000000c3800000)
 Metaspace       used 53167K, capacity 55742K, committed 56192K, reserved 1097728K
  class space    used 7143K, capacity 7674K, committed 7808K, reserved 1048576K
Event: 8120.810 GC heap after
Heap after GC invocations=31 (full 6):
 PSYoungGen      total 172032K, used 0K [0x00000000eab00000, 0x00000000f6380000, 0x0000000100000000)
  eden space 155136K, 0% used [0x00000000eab00000,0x00000000eab00000,0x00000000f4280000)
  from space 16896K, 0% used [0x00000000f4280000,0x00000000f4280000,0x00000000f5300000)
  to   space 16896K, 0% used [0x00000000f5300000,0x00000000f5300000,0x00000000f6380000)
 ParOldGen       total 57344K, used 20472K [0x00000000c0000000, 0x00000000c3800000, 0x00000000eab00000)
  object space 57344K, 35% used [0x00000000c0000000,0x00000000c13fe178,0x00000000c3800000)
 Metaspace       used 51369K, capacity 52510K, committed 56192K, reserved 1097728K
  class space    used 6699K, capacity 6840K, committed 7808K, reserved 1048576K
}
Event: 10693.828 GC heap before
{Heap before GC invocations=32 (full 6):
 PSYoungGen      total 172032K, used 155136K [0x00000000eab00000, 0x00000000f6380000, 0x0000000100000000)
  eden space 155136K, 100% used [0x00000000eab00000,0x00000000f4280000,0x00000000f4280000)
  from space 16896K, 0% used [0x00000000f4280000,0x00000000f4280000,0x00000000f5300000)
  to   space 16896K, 0% used [0x00000000f5300000,0x00000000f5300000,0x00000000f6380000)
 ParOldGen       total 57344K, used 20472K [0x00000000c0000000, 0x00000000c3800000, 0x00000000eab00000)
  object space 57344K, 35% used [0x00000000c0000000,0x00000000c13fe178,0x00000000c3800000)
 Metaspace       used 51754K, capacity 53110K, committed 56192K, reserved 1097728K
  class space    used 6764K, capacity 6940K, committed 7808K, reserved 1048576K
Event: 10693.886 GC heap after
Heap after GC invocations=32 (full 6):
 PSYoungGen      total 160768K, used 10154K [0x00000000eab00000, 0x00000000f5e80000, 0x0000000100000000)
  eden space 148992K, 0% used [0x00000000eab00000,0x00000000eab00000,0x00000000f3c80000)
  from space 11776K, 86% used [0x00000000f5300000,0x00000000f5ceaa08,0x00000000f5e80000)
  to   space 17408K, 0% used [0x00000000f3c80000,0x00000000f3c80000,0x00000000f4d80000)
 ParOldGen       total 57344K, used 20480K [0x00000000c0000000, 0x00000000c3800000, 0x00000000eab00000)
  object space 57344K, 35% used [0x00000000c0000000,0x00000000c1400178,0x00000000c3800000)
 Metaspace       used 51754K, capacity 53110K, committed 56192K, reserved 1097728K
  class space    used 6764K, capacity 6940K, committed 7808K, reserved 1048576K
}
Event: 10704.951 GC heap before
{Heap before GC invocations=33 (full 6):
 PSYoungGen      total 160768K, used 159146K [0x00000000eab00000, 0x00000000f5e80000, 0x0000000100000000)
  eden space 148992K, 100% used [0x00000000eab00000,0x00000000f3c80000,0x00000000f3c80000)
  from space 11776K, 86% used [0x00000000f5300000,0x00000000f5ceaa08,0x00000000f5e80000)
  to   space 17408K, 0% used [0x00000000f3c80000,0x00000000f3c80000,0x00000000f4d80000)
 ParOldGen       total 57344K, used 20480K [0x00000000c0000000, 0x00000000c3800000, 0x00000000eab00000)
  object space 57344K, 35% used [0x00000000c0000000,0x00000000c1400178,0x00000000c3800000)
 Metaspace       used 56940K, capacity 58478K, committed 61056K, reserved 1101824K
  class space    used 7435K, capacity 7734K, committed 8320K, reserved 1048576K
Event: 10705.033 GC heap after
Heap after GC invocations=33 (full 6):
 PSYoungGen      total 159744K, used 16326K [0x00000000eab00000, 0x00000000f5d00000, 0x0000000100000000)
  eden space 143360K, 0% used [0x00000000eab00000,0x00000000eab00000,0x00000000f3700000)
  from space 16384K, 99% used [0x00000000f3c80000,0x00000000f4c71b00,0x00000000f4c80000)
  to   space 16896K, 0% used [0x00000000f4c80000,0x00000000f4c80000,0x00000000f5d00000)
 ParOldGen       total 57344K, used 20488K [0x00000000c0000000, 0x00000000c3800000, 0x00000000eab00000)
  object space 57344K, 35% used [0x00000000c0000000,0x00000000c1402178,0x00000000c3800000)
 Metaspace       used 56940K, capacity 58478K, committed 61056K, reserved 1101824K
  class space    used 7435K, capacity 7734K, committed 8320K, reserved 1048576K
}
Event: 10759.041 GC heap before
{Heap before GC invocations=34 (full 6):
 PSYoungGen      total 159744K, used 52025K [0x00000000eab00000, 0x00000000f5d00000, 0x0000000100000000)
  eden space 143360K, 24% used [0x00000000eab00000,0x00000000ecddcbb0,0x00000000f3700000)
  from space 16384K, 99% used [0x00000000f3c80000,0x00000000f4c71b00,0x00000000f4c80000)
  to   space 16896K, 0% used [0x00000000f4c80000,0x00000000f4c80000,0x00000000f5d00000)
 ParOldGen       total 57344K, used 20488K [0x00000000c0000000, 0x00000000c3800000, 0x00000000eab00000)
  object space 57344K, 35% used [0x00000000c0000000,0x00000000c1402178,0x00000000c3800000)
 Metaspace       used 58027K, capacity 59984K, committed 61952K, reserved 1103872K
  class space    used 7623K, capacity 7957K, committed 8448K, reserved 1048576K
Event: 10759.140 GC heap after
Heap after GC invocations=34 (full 6):
 PSYoungGen      total 160256K, used 14254K [0x00000000eab00000, 0x00000000f5f00000, 0x0000000100000000)
  eden space 143360K, 0% used [0x00000000eab00000,0x00000000eab00000,0x00000000f3700000)
  from space 16896K, 84% used [0x00000000f4c80000,0x00000000f5a6bab0,0x00000000f5d00000)
  to   space 20480K, 0% used [0x00000000f3700000,0x00000000f3700000,0x00000000f4b00000)
 ParOldGen       total 57344K, used 20496K [0x00000000c0000000, 0x00000000c3800000, 0x00000000eab00000)
  object space 57344K, 35% used [0x00000000c0000000,0x00000000c1404178,0x00000000c3800000)
 Metaspace       used 58027K, capacity 59984K, committed 61952K, reserved 1103872K
  class space    used 7623K, capacity 7957K, committed 8448K, reserved 1048576K
}
Event: 10759.140 GC heap before
{Heap before GC invocations=35 (full 7):
 PSYoungGen      total 160256K, used 14254K [0x00000000eab00000, 0x00000000f5f00000, 0x0000000100000000)
  eden space 143360K, 0% used [0x00000000eab00000,0x00000000eab00000,0x00000000f3700000)
  from space 16896K, 84% used [0x00000000f4c80000,0x00000000f5a6bab0,0x00000000f5d00000)
  to   space 20480K, 0% used [0x00000000f3700000,0x00000000f3700000,0x00000000f4b00000)
 ParOldGen       total 57344K, used 20496K [0x00000000c0000000, 0x00000000c3800000, 0x00000000eab00000)
  object space 57344K, 35% used [0x00000000c0000000,0x00000000c1404178,0x00000000c3800000)
 Metaspace       used 58027K, capacity 59984K, committed 61952K, reserved 1103872K
  class space    used 7623K, capacity 7957K, committed 8448K, reserved 1048576K
Event: 10761.178 GC heap after
Heap after GC invocations=35 (full 7):
 PSYoungGen      total 160256K, used 0K [0x00000000eab00000, 0x00000000f5f00000, 0x0000000100000000)
  eden space 143360K, 0% used [0x00000000eab00000,0x00000000eab00000,0x00000000f3700000)
  from space 16896K, 0% used [0x00000000f4c80000,0x00000000f4c80000,0x00000000f5d00000)
  to   space 20480K, 0% used [0x00000000f3700000,0x00000000f3700000,0x00000000f4b00000)
 ParOldGen       total 57344K, used 33180K [0x00000000c0000000, 0x00000000c3800000, 0x00000000eab00000)
  object space 57344K, 57% used [0x00000000c0000000,0x00000000c20673f0,0x00000000c3800000)
 Metaspace       used 57847K, capacity 59696K, committed 61952K, reserved 1103872K
  class space    used 7588K, capacity 7900K, committed 8448K, reserved 1048576K
}

